mode: set
github.com/chess-nfac/backend/matchmaking/matcher.go:22.48,27.2 1 0
github.com/chess-nfac/backend/matchmaking/matcher.go:29.57,34.2 1 1
github.com/chess-nfac/backend/matchmaking/matcher.go:36.86,40.6 3 0
github.com/chess-nfac/backend/matchmaking/matcher.go:40.6,41.10 1 0
github.com/chess-nfac/backend/matchmaking/matcher.go:42.21,43.10 1 0
github.com/chess-nfac/backend/matchmaking/matcher.go:44.19,45.57 1 0
github.com/chess-nfac/backend/matchmaking/matcher.go:45.57,47.5 1 0
github.com/chess-nfac/backend/matchmaking/matcher.go:52.95,54.16 2 1
github.com/chess-nfac/backend/matchmaking/matcher.go:54.16,56.3 1 0
github.com/chess-nfac/backend/matchmaking/matcher.go:58.2,58.22 1 1
github.com/chess-nfac/backend/matchmaking/matcher.go:58.22,60.3 1 1
github.com/chess-nfac/backend/matchmaking/matcher.go:62.2,62.38 1 1
github.com/chess-nfac/backend/matchmaking/matcher.go:62.38,65.41 2 1
github.com/chess-nfac/backend/matchmaking/matcher.go:65.41,68.36 2 1
github.com/chess-nfac/backend/matchmaking/matcher.go:68.36,69.80 1 1
github.com/chess-nfac/backend/matchmaking/matcher.go:69.80,71.6 1 0
github.com/chess-nfac/backend/matchmaking/matcher.go:72.5,72.15 1 1
github.com/chess-nfac/backend/matchmaking/matcher.go:77.2,77.12 1 1
github.com/chess-nfac/backend/matchmaking/matcher.go:80.64,82.14 2 1
github.com/chess-nfac/backend/matchmaking/matcher.go:82.14,84.3 1 1
github.com/chess-nfac/backend/matchmaking/matcher.go:86.2,87.29 2 1
github.com/chess-nfac/backend/matchmaking/matcher.go:90.130,91.61 1 1
github.com/chess-nfac/backend/matchmaking/matcher.go:91.61,93.3 1 0
github.com/chess-nfac/backend/matchmaking/matcher.go:95.2,95.61 1 1
github.com/chess-nfac/backend/matchmaking/matcher.go:95.61,97.3 1 0
github.com/chess-nfac/backend/matchmaking/matcher.go:99.2,104.45 2 1
github.com/chess-nfac/backend/matchmaking/matcher.go:104.45,105.78 1 1
github.com/chess-nfac/backend/matchmaking/matcher.go:105.78,107.4 1 0
github.com/chess-nfac/backend/matchmaking/matcher.go:108.3,108.78 1 1
github.com/chess-nfac/backend/matchmaking/matcher.go:108.78,110.4 1 0
github.com/chess-nfac/backend/matchmaking/matcher.go:111.3,111.88 1 1
github.com/chess-nfac/backend/matchmaking/matcher.go:114.2,114.12 1 1
github.com/chess-nfac/backend/matchmaking/matcher.go:117.88,119.2 1 1
github.com/chess-nfac/backend/matchmaking/matcher.go:121.85,123.2 1 1
github.com/chess-nfac/backend/matchmaking/queue.go:31.44,33.2 1 0
github.com/chess-nfac/backend/matchmaking/queue.go:35.82,42.23 3 0
github.com/chess-nfac/backend/matchmaking/queue.go:42.23,44.3 1 0
github.com/chess-nfac/backend/matchmaking/queue.go:46.2,46.12 1 0
github.com/chess-nfac/backend/matchmaking/queue.go:49.70,52.71 2 0
github.com/chess-nfac/backend/matchmaking/queue.go:52.71,54.3 1 0
github.com/chess-nfac/backend/matchmaking/queue.go:56.2,56.12 1 0
github.com/chess-nfac/backend/matchmaking/queue.go:59.69,63.16 3 0
github.com/chess-nfac/backend/matchmaking/queue.go:63.16,65.3 1 0
github.com/chess-nfac/backend/matchmaking/queue.go:67.2,68.33 2 0
github.com/chess-nfac/backend/matchmaking/queue.go:68.33,70.17 2 0
github.com/chess-nfac/backend/matchmaking/queue.go:70.17,71.12 1 0
github.com/chess-nfac/backend/matchmaking/queue.go:74.3,77.5 1 0
github.com/chess-nfac/backend/matchmaking/queue.go:80.2,80.21 1 0
github.com/chess-nfac/backend/matchmaking/queue.go:83.81,86.22 3 0
github.com/chess-nfac/backend/matchmaking/queue.go:86.22,88.3 1 0
github.com/chess-nfac/backend/matchmaking/queue.go:89.2,89.16 1 0
github.com/chess-nfac/backend/matchmaking/queue.go:89.16,91.3 1 0
github.com/chess-nfac/backend/matchmaking/queue.go:92.2,92.27 1 0
github.com/chess-nfac/backend/matchmaking/queue.go:95.79,98.22 3 0
github.com/chess-nfac/backend/matchmaking/queue.go:98.22,100.3 1 0
github.com/chess-nfac/backend/matchmaking/queue.go:101.2,101.16 1 0
github.com/chess-nfac/backend/matchmaking/queue.go:101.16,103.3 1 0
github.com/chess-nfac/backend/matchmaking/queue.go:104.2,104.18 1 0
github.com/chess-nfac/backend/matchmaking/queue.go:107.105,114.16 3 0
github.com/chess-nfac/backend/matchmaking/queue.go:114.16,116.3 1 0
github.com/chess-nfac/backend/matchmaking/queue.go:118.2,119.33 2 0
github.com/chess-nfac/backend/matchmaking/queue.go:119.33,121.17 2 0
github.com/chess-nfac/backend/matchmaking/queue.go:121.17,122.12 1 0
github.com/chess-nfac/backend/matchmaking/queue.go:125.3,126.17 2 0
github.com/chess-nfac/backend/matchmaking/queue.go:126.17,127.12 1 0
github.com/chess-nfac/backend/matchmaking/queue.go:130.3,133.5 1 0
github.com/chess-nfac/backend/matchmaking/queue.go:136.2,136.21 1 0
