mode: set
github.com/chess-nfac/backend/handlers/auth.go:27.60,29.2 1 1
github.com/chess-nfac/backend/handlers/auth.go:31.72,39.61 2 1
github.com/chess-nfac/backend/handlers/auth.go:39.61,42.3 2 1
github.com/chess-nfac/backend/handlers/auth.go:44.2,45.16 2 1
github.com/chess-nfac/backend/handlers/auth.go:45.16,46.45 1 1
github.com/chess-nfac/backend/handlers/auth.go:46.45,49.4 2 1
github.com/chess-nfac/backend/handlers/auth.go:50.3,51.9 2 0
github.com/chess-nfac/backend/handlers/auth.go:54.2,54.48 1 1
github.com/chess-nfac/backend/handlers/auth.go:57.69,63.61 2 1
github.com/chess-nfac/backend/handlers/auth.go:63.61,66.3 2 1
github.com/chess-nfac/backend/handlers/auth.go:68.2,69.16 2 1
github.com/chess-nfac/backend/handlers/auth.go:69.16,70.45 1 1
github.com/chess-nfac/backend/handlers/auth.go:70.45,73.4 2 1
github.com/chess-nfac/backend/handlers/auth.go:74.3,75.9 2 0
github.com/chess-nfac/backend/handlers/auth.go:78.2,82.4 1 1
github.com/chess-nfac/backend/handlers/auth.go:85.71,90.61 2 1
github.com/chess-nfac/backend/handlers/auth.go:90.61,93.3 2 1
github.com/chess-nfac/backend/handlers/auth.go:95.2,95.28 1 1
github.com/chess-nfac/backend/handlers/auth.go:95.28,98.3 2 1
github.com/chess-nfac/backend/handlers/auth.go:100.2,101.16 2 1
github.com/chess-nfac/backend/handlers/auth.go:101.16,102.45 1 1
github.com/chess-nfac/backend/handlers/auth.go:102.45,105.4 2 1
github.com/chess-nfac/backend/handlers/auth.go:106.3,107.9 2 0
github.com/chess-nfac/backend/handlers/auth.go:110.2,113.4 1 1
github.com/chess-nfac/backend/handlers/auth.go:116.70,118.9 2 1
github.com/chess-nfac/backend/handlers/auth.go:118.9,121.3 2 1
github.com/chess-nfac/backend/handlers/auth.go:123.2,123.66 1 1
github.com/chess-nfac/backend/handlers/auth.go:123.66,126.3 2 0
github.com/chess-nfac/backend/handlers/auth.go:128.2,128.42 1 1
github.com/chess-nfac/backend/handlers/games.go:19.68,21.2 1 0
github.com/chess-nfac/backend/handlers/games.go:23.71,26.16 3 0
github.com/chess-nfac/backend/handlers/games.go:26.16,29.3 2 0
github.com/chess-nfac/backend/handlers/games.go:31.2,32.16 2 0
github.com/chess-nfac/backend/handlers/games.go:32.16,33.45 1 0
github.com/chess-nfac/backend/handlers/games.go:33.45,36.4 2 0
github.com/chess-nfac/backend/handlers/games.go:37.3,38.9 2 0
github.com/chess-nfac/backend/handlers/games.go:41.2,41.43 1 0
github.com/chess-nfac/backend/handlers/games.go:44.72,47.16 3 0
github.com/chess-nfac/backend/handlers/games.go:47.16,50.3 2 0
github.com/chess-nfac/backend/handlers/games.go:52.2,53.16 2 0
github.com/chess-nfac/backend/handlers/games.go:53.16,54.45 1 0
github.com/chess-nfac/backend/handlers/games.go:54.45,57.4 2 0
github.com/chess-nfac/backend/handlers/games.go:58.3,59.9 2 0
github.com/chess-nfac/backend/handlers/games.go:62.2,62.44 1 0
github.com/chess-nfac/backend/handlers/games.go:65.72,67.9 2 0
github.com/chess-nfac/backend/handlers/games.go:67.9,70.3 2 0
github.com/chess-nfac/backend/handlers/games.go:72.2,74.16 3 0
github.com/chess-nfac/backend/handlers/games.go:74.16,77.3 2 0
github.com/chess-nfac/backend/handlers/games.go:79.2,82.61 2 0
github.com/chess-nfac/backend/handlers/games.go:82.61,85.3 2 0
github.com/chess-nfac/backend/handlers/games.go:86.2,86.20 1 0
github.com/chess-nfac/backend/handlers/games.go:86.20,89.3 2 0
github.com/chess-nfac/backend/handlers/games.go:91.2,92.16 2 0
github.com/chess-nfac/backend/handlers/games.go:92.16,93.45 1 0
github.com/chess-nfac/backend/handlers/games.go:93.45,96.4 2 0
github.com/chess-nfac/backend/handlers/games.go:97.3,98.9 2 0
github.com/chess-nfac/backend/handlers/games.go:101.2,105.4 1 0
github.com/chess-nfac/backend/handlers/games.go:108.70,110.9 2 0
github.com/chess-nfac/backend/handlers/games.go:110.9,113.3 2 0
github.com/chess-nfac/backend/handlers/games.go:115.2,117.16 3 0
github.com/chess-nfac/backend/handlers/games.go:117.16,120.3 2 0
github.com/chess-nfac/backend/handlers/games.go:122.2,123.16 2 0
github.com/chess-nfac/backend/handlers/games.go:123.16,124.45 1 0
github.com/chess-nfac/backend/handlers/games.go:124.45,127.4 2 0
github.com/chess-nfac/backend/handlers/games.go:128.3,129.9 2 0
github.com/chess-nfac/backend/handlers/games.go:132.2,132.43 1 0
github.com/chess-nfac/backend/handlers/leaderboard.go:17.96,19.2 1 0
github.com/chess-nfac/backend/handlers/leaderboard.go:21.80,25.45 3 0
github.com/chess-nfac/backend/handlers/leaderboard.go:25.45,26.53 1 0
github.com/chess-nfac/backend/handlers/leaderboard.go:26.53,28.4 1 0
github.com/chess-nfac/backend/handlers/leaderboard.go:31.2,32.50 2 0
github.com/chess-nfac/backend/handlers/leaderboard.go:32.50,33.65 1 0
github.com/chess-nfac/backend/handlers/leaderboard.go:33.65,35.4 1 0
github.com/chess-nfac/backend/handlers/leaderboard.go:38.2,39.16 2 0
github.com/chess-nfac/backend/handlers/leaderboard.go:39.16,40.45 1 0
github.com/chess-nfac/backend/handlers/leaderboard.go:40.45,43.4 2 0
github.com/chess-nfac/backend/handlers/leaderboard.go:44.3,45.9 2 0
github.com/chess-nfac/backend/handlers/leaderboard.go:48.2,48.74 1 0
github.com/chess-nfac/backend/handlers/users.go:18.68,20.2 1 0
github.com/chess-nfac/backend/handlers/users.go:22.69,24.9 2 0
github.com/chess-nfac/backend/handlers/users.go:24.9,27.3 2 0
github.com/chess-nfac/backend/handlers/users.go:29.2,30.16 2 0
github.com/chess-nfac/backend/handlers/users.go:30.16,31.45 1 0
github.com/chess-nfac/backend/handlers/users.go:31.45,34.4 2 0
github.com/chess-nfac/backend/handlers/users.go:35.3,36.9 2 0
github.com/chess-nfac/backend/handlers/users.go:39.2,39.43 1 0
github.com/chess-nfac/backend/handlers/users.go:42.71,45.16 3 0
github.com/chess-nfac/backend/handlers/users.go:45.16,48.3 2 0
github.com/chess-nfac/backend/handlers/users.go:50.2,51.16 2 0
github.com/chess-nfac/backend/handlers/users.go:51.16,52.45 1 0
github.com/chess-nfac/backend/handlers/users.go:52.45,55.4 2 0
github.com/chess-nfac/backend/handlers/users.go:56.3,57.9 2 0
github.com/chess-nfac/backend/handlers/users.go:60.2,60.43 1 0
