mode: set
github.com/chess-nfac/backend/service/game_service.go:30.16,37.2 1 0
github.com/chess-nfac/backend/service/game_service.go:39.135,49.53 2 0
github.com/chess-nfac/backend/service/game_service.go:49.53,51.3 1 0
github.com/chess-nfac/backend/service/game_service.go:53.2,53.18 1 0
github.com/chess-nfac/backend/service/game_service.go:56.92,58.16 2 0
github.com/chess-nfac/backend/service/game_service.go:58.16,60.3 1 0
github.com/chess-nfac/backend/service/game_service.go:61.2,61.17 1 0
github.com/chess-nfac/backend/service/game_service.go:61.17,63.3 1 0
github.com/chess-nfac/backend/service/game_service.go:64.2,64.18 1 0
github.com/chess-nfac/backend/service/game_service.go:67.94,69.16 2 0
github.com/chess-nfac/backend/service/game_service.go:69.16,71.3 1 0
github.com/chess-nfac/backend/service/game_service.go:72.2,72.19 1 0
github.com/chess-nfac/backend/service/game_service.go:75.147,77.16 2 0
github.com/chess-nfac/backend/service/game_service.go:77.16,79.3 1 0
github.com/chess-nfac/backend/service/game_service.go:80.2,80.17 1 0
github.com/chess-nfac/backend/service/game_service.go:80.17,82.3 1 0
github.com/chess-nfac/backend/service/game_service.go:83.2,83.44 1 0
github.com/chess-nfac/backend/service/game_service.go:83.44,85.3 1 0
github.com/chess-nfac/backend/service/game_service.go:88.2,89.23 2 0
github.com/chess-nfac/backend/service/game_service.go:89.23,91.3 1 0
github.com/chess-nfac/backend/service/game_service.go:92.2,94.51 2 0
github.com/chess-nfac/backend/service/game_service.go:94.51,96.3 1 0
github.com/chess-nfac/backend/service/game_service.go:97.2,97.51 1 0
github.com/chess-nfac/backend/service/game_service.go:97.51,99.3 1 0
github.com/chess-nfac/backend/service/game_service.go:101.2,102.16 2 0
github.com/chess-nfac/backend/service/game_service.go:102.16,104.3 1 0
github.com/chess-nfac/backend/service/game_service.go:107.2,108.16 2 0
github.com/chess-nfac/backend/service/game_service.go:108.16,110.3 1 0
github.com/chess-nfac/backend/service/game_service.go:112.2,120.53 2 0
github.com/chess-nfac/backend/service/game_service.go:120.53,122.3 1 0
github.com/chess-nfac/backend/service/game_service.go:125.2,126.16 2 0
github.com/chess-nfac/backend/service/game_service.go:126.16,128.3 1 0
github.com/chess-nfac/backend/service/game_service.go:130.2,130.10 1 0
github.com/chess-nfac/backend/service/game_service.go:130.10,132.65 2 0
github.com/chess-nfac/backend/service/game_service.go:132.65,134.4 1 0
github.com/chess-nfac/backend/service/game_service.go:135.3,136.24 2 0
github.com/chess-nfac/backend/service/game_service.go:137.8,138.67 1 0
github.com/chess-nfac/backend/service/game_service.go:138.67,140.4 1 0
github.com/chess-nfac/backend/service/game_service.go:141.3,141.20 1 0
github.com/chess-nfac/backend/service/game_service.go:144.2,144.30 1 0
github.com/chess-nfac/backend/service/game_service.go:147.105,149.16 2 0
github.com/chess-nfac/backend/service/game_service.go:149.16,151.3 1 0
github.com/chess-nfac/backend/service/game_service.go:152.2,152.17 1 0
github.com/chess-nfac/backend/service/game_service.go:152.17,154.3 1 0
github.com/chess-nfac/backend/service/game_service.go:155.2,155.44 1 0
github.com/chess-nfac/backend/service/game_service.go:155.44,157.3 1 0
github.com/chess-nfac/backend/service/game_service.go:158.2,158.58 1 0
github.com/chess-nfac/backend/service/game_service.go:158.58,160.3 1 0
github.com/chess-nfac/backend/service/game_service.go:162.2,163.30 2 0
github.com/chess-nfac/backend/service/game_service.go:163.30,165.3 1 0
github.com/chess-nfac/backend/service/game_service.go:165.8,167.3 1 0
github.com/chess-nfac/backend/service/game_service.go:169.2,169.66 1 0
github.com/chess-nfac/backend/service/game_service.go:169.66,171.3 1 0
github.com/chess-nfac/backend/service/game_service.go:173.2,175.18 3 0
github.com/chess-nfac/backend/service/game_service.go:178.123,180.16 2 0
github.com/chess-nfac/backend/service/game_service.go:181.34,182.20 1 0
github.com/chess-nfac/backend/service/game_service.go:183.34,184.20 1 0
github.com/chess-nfac/backend/service/game_service.go:185.10,186.24 1 0
github.com/chess-nfac/backend/service/game_service.go:189.2,190.16 2 0
github.com/chess-nfac/backend/service/game_service.go:190.16,192.3 1 0
github.com/chess-nfac/backend/service/game_service.go:193.2,194.16 2 0
github.com/chess-nfac/backend/service/game_service.go:194.16,196.3 1 0
github.com/chess-nfac/backend/service/game_service.go:198.2,199.35 2 0
github.com/chess-nfac/backend/service/game_service.go:199.35,201.3 1 0
github.com/chess-nfac/backend/service/game_service.go:202.2,203.35 2 0
github.com/chess-nfac/backend/service/game_service.go:203.35,205.3 1 0
github.com/chess-nfac/backend/service/game_service.go:207.2,212.16 2 0
github.com/chess-nfac/backend/service/game_service.go:212.16,214.3 1 0
github.com/chess-nfac/backend/service/game_service.go:216.2,216.129 1 0
github.com/chess-nfac/backend/service/game_service.go:216.129,218.3 1 0
github.com/chess-nfac/backend/service/game_service.go:220.2,220.69 1 0
github.com/chess-nfac/backend/service/game_service.go:220.69,222.3 1 0
github.com/chess-nfac/backend/service/game_service.go:224.2,224.96 1 0
github.com/chess-nfac/backend/service/game_service.go:224.96,226.3 1 0
github.com/chess-nfac/backend/service/game_service.go:228.2,228.12 1 0
github.com/chess-nfac/backend/service/game_service.go:232.84,233.16 1 0
github.com/chess-nfac/backend/service/game_service.go:234.19,235.24 1 0
github.com/chess-nfac/backend/service/game_service.go:235.24,237.4 1 0
github.com/chess-nfac/backend/service/game_service.go:238.3,238.36 1 0
github.com/chess-nfac/backend/service/game_service.go:239.105,240.31 1 0
github.com/chess-nfac/backend/service/game_service.go:242.2,242.30 1 0
github.com/chess-nfac/backend/service/leaderboard_service.go:17.98,21.2 1 0
github.com/chess-nfac/backend/service/leaderboard_service.go:23.134,24.49 1 0
github.com/chess-nfac/backend/service/leaderboard_service.go:24.49,26.3 1 0
github.com/chess-nfac/backend/service/leaderboard_service.go:28.2,28.14 1 0
github.com/chess-nfac/backend/service/leaderboard_service.go:28.14,30.3 1 0
github.com/chess-nfac/backend/service/leaderboard_service.go:31.2,31.36 1 0
github.com/chess-nfac/backend/service/leaderboard_service.go:31.36,33.3 1 0
github.com/chess-nfac/backend/service/leaderboard_service.go:35.2,38.16 3 0
github.com/chess-nfac/backend/service/leaderboard_service.go:38.16,40.3 1 0
github.com/chess-nfac/backend/service/leaderboard_service.go:42.2,42.28 1 0
github.com/chess-nfac/backend/service/leaderboard_service.go:45.65,46.55 1 0
github.com/chess-nfac/backend/service/leaderboard_service.go:46.55,48.3 1 0
github.com/chess-nfac/backend/service/leaderboard_service.go:49.2,49.12 1 0
github.com/chess-nfac/backend/service/leaderboard_service.go:53.91,54.12 1 0
github.com/chess-nfac/backend/service/leaderboard_service.go:54.12,58.7 3 0
github.com/chess-nfac/backend/service/leaderboard_service.go:58.7,59.11 1 0
github.com/chess-nfac/backend/service/leaderboard_service.go:60.22,61.11 1 0
github.com/chess-nfac/backend/service/leaderboard_service.go:62.20,63.42 1 0
github.com/chess-nfac/backend/service/leaderboard_service.go:63.42,65.6 1 0
github.com/chess-nfac/backend/service/rating_service.go:18.78,22.2 1 0
github.com/chess-nfac/backend/service/rating_service.go:29.21,32.16 2 0
github.com/chess-nfac/backend/service/rating_service.go:33.13,35.19 2 0
github.com/chess-nfac/backend/service/rating_service.go:36.13,38.19 2 0
github.com/chess-nfac/backend/service/rating_service.go:39.17,41.19 2 0
github.com/chess-nfac/backend/service/rating_service.go:42.10,43.92 1 0
github.com/chess-nfac/backend/service/rating_service.go:46.2,55.26 7 0
github.com/chess-nfac/backend/service/rating_service.go:55.26,57.3 1 0
github.com/chess-nfac/backend/service/rating_service.go:58.2,58.26 1 0
github.com/chess-nfac/backend/service/rating_service.go:58.26,60.3 1 0
github.com/chess-nfac/backend/service/rating_service.go:62.2,62.44 1 0
github.com/chess-nfac/backend/service/rating_service.go:70.21,72.16 2 0
github.com/chess-nfac/backend/service/rating_service.go:72.16,74.3 1 0
github.com/chess-nfac/backend/service/rating_service.go:76.2,77.16 2 0
github.com/chess-nfac/backend/service/rating_service.go:77.16,79.3 1 0
github.com/chess-nfac/backend/service/rating_service.go:81.2,89.17 3 0
github.com/chess-nfac/backend/service/rating_service.go:89.17,91.3 1 0
github.com/chess-nfac/backend/service/rating_service.go:93.2,98.17 1 0
github.com/chess-nfac/backend/service/rating_service.go:98.17,100.3 1 0
github.com/chess-nfac/backend/service/rating_service.go:102.2,102.36 1 0
github.com/chess-nfac/backend/service/rating_service.go:105.55,106.20 1 0
github.com/chess-nfac/backend/service/rating_service.go:106.20,108.3 1 0
github.com/chess-nfac/backend/service/rating_service.go:109.2,109.11 1 0
github.com/chess-nfac/backend/service/rating_service.go:112.89,114.2 1 0
github.com/chess-nfac/backend/service/user_service.go:22.88,27.2 1 1
github.com/chess-nfac/backend/service/user_service.go:29.44,32.2 2 1
github.com/chess-nfac/backend/service/user_service.go:34.115,35.57 1 1
github.com/chess-nfac/backend/service/user_service.go:35.57,37.3 1 1
github.com/chess-nfac/backend/service/user_service.go:38.2,38.51 1 1
github.com/chess-nfac/backend/service/user_service.go:38.51,40.3 1 1
github.com/chess-nfac/backend/service/user_service.go:41.2,41.57 1 1
github.com/chess-nfac/backend/service/user_service.go:41.57,43.3 1 1
github.com/chess-nfac/backend/service/user_service.go:44.2,44.49 1 1
github.com/chess-nfac/backend/service/user_service.go:44.49,46.3 1 1
github.com/chess-nfac/backend/service/user_service.go:48.2,49.16 2 1
github.com/chess-nfac/backend/service/user_service.go:49.16,51.3 1 1
github.com/chess-nfac/backend/service/user_service.go:52.2,52.21 1 1
github.com/chess-nfac/backend/service/user_service.go:52.21,54.3 1 1
github.com/chess-nfac/backend/service/user_service.go:56.2,57.16 2 1
github.com/chess-nfac/backend/service/user_service.go:57.16,59.3 1 0
github.com/chess-nfac/backend/service/user_service.go:60.2,60.21 1 1
github.com/chess-nfac/backend/service/user_service.go:60.21,62.3 1 1
github.com/chess-nfac/backend/service/user_service.go:64.2,65.16 2 1
github.com/chess-nfac/backend/service/user_service.go:65.16,67.3 1 0
github.com/chess-nfac/backend/service/user_service.go:69.2,78.53 2 1
github.com/chess-nfac/backend/service/user_service.go:78.53,80.3 1 0
github.com/chess-nfac/backend/service/user_service.go:82.2,82.18 1 1
github.com/chess-nfac/backend/service/user_service.go:85.115,86.38 1 1
github.com/chess-nfac/backend/service/user_service.go:86.38,88.3 1 1
github.com/chess-nfac/backend/service/user_service.go:90.2,91.16 2 1
github.com/chess-nfac/backend/service/user_service.go:91.16,93.3 1 1
github.com/chess-nfac/backend/service/user_service.go:94.2,94.17 1 1
github.com/chess-nfac/backend/service/user_service.go:94.17,96.3 1 1
github.com/chess-nfac/backend/service/user_service.go:98.2,98.73 1 1
github.com/chess-nfac/backend/service/user_service.go:98.73,100.3 1 1
github.com/chess-nfac/backend/service/user_service.go:102.2,103.16 2 1
github.com/chess-nfac/backend/service/user_service.go:103.16,105.3 1 0
github.com/chess-nfac/backend/service/user_service.go:107.2,108.16 2 1
github.com/chess-nfac/backend/service/user_service.go:108.16,110.3 1 0
github.com/chess-nfac/backend/service/user_service.go:112.2,114.88 3 1
github.com/chess-nfac/backend/service/user_service.go:114.88,116.3 1 0
github.com/chess-nfac/backend/service/user_service.go:118.2,118.45 1 1
github.com/chess-nfac/backend/service/user_service.go:121.103,125.16 3 1
github.com/chess-nfac/backend/service/user_service.go:125.16,127.3 1 0
github.com/chess-nfac/backend/service/user_service.go:128.2,128.64 1 1
github.com/chess-nfac/backend/service/user_service.go:128.64,130.3 1 1
github.com/chess-nfac/backend/service/user_service.go:132.2,132.70 1 1
github.com/chess-nfac/backend/service/user_service.go:132.70,134.3 1 0
github.com/chess-nfac/backend/service/user_service.go:136.2,137.16 2 1
github.com/chess-nfac/backend/service/user_service.go:137.16,139.3 1 0
github.com/chess-nfac/backend/service/user_service.go:140.2,140.17 1 1
github.com/chess-nfac/backend/service/user_service.go:140.17,142.3 1 1
github.com/chess-nfac/backend/service/user_service.go:144.2,145.16 2 1
github.com/chess-nfac/backend/service/user_service.go:145.16,147.3 1 0
github.com/chess-nfac/backend/service/user_service.go:149.2,150.16 2 1
github.com/chess-nfac/backend/service/user_service.go:150.16,152.3 1 0
github.com/chess-nfac/backend/service/user_service.go:154.2,156.94 3 1
github.com/chess-nfac/backend/service/user_service.go:156.94,158.3 1 0
github.com/chess-nfac/backend/service/user_service.go:160.2,160.42 1 1
github.com/chess-nfac/backend/service/user_service.go:163.92,165.16 2 0
github.com/chess-nfac/backend/service/user_service.go:165.16,167.3 1 0
github.com/chess-nfac/backend/service/user_service.go:168.2,168.17 1 0
github.com/chess-nfac/backend/service/user_service.go:168.17,170.3 1 0
github.com/chess-nfac/backend/service/user_service.go:171.2,171.18 1 0
github.com/chess-nfac/backend/service/user_service.go:174.75,175.68 1 0
github.com/chess-nfac/backend/service/user_service.go:175.68,177.3 1 0
github.com/chess-nfac/backend/service/user_service.go:178.2,178.12 1 0
